#
# A fatal error has been detected by the Java Runtime Environment:
#
#  EXCEPTION_ACCESS_VIOLATION (0xc0000005) at pc=0x00007ffb752d6918, pid=22256, tid=11344
#
# JRE version: OpenJDK Runtime Environment (22.0.2+9) (build 22.0.2+9-70)
# Java VM: OpenJDK 64-Bit Server VM (22.0.2+9-70, mixed mode, sharing, tiered, compressed oops, compressed class ptrs, g1 gc, windows-amd64)
# Problematic frame:
# C  [jdwp.dll+0x26918]
#
# No core dump will be written. Minidumps are not enabled by default on client versions of Windows
#
# If you would like to submit a bug report, please visit:
#   https://bugreport.java.com/bugreport/crash.jsp
# The crash happened outside the Java Virtual Machine in native code.
# See problematic frame for where to report the bug.
#

---------------  S U M M A R Y ------------

Command Line: -agentlib:jdwp=transport=dt_socket,address=127.0.0.1:56086,suspend=y,server=n -javaagent:C:\Users\lucyc\AppData\Local\JetBrains\IdeaIC2024.1\captureAgent\debugger-agent.jar -Dfile.encoding=UTF-8 -Dsun.stdout.encoding=UTF-8 -Dsun.stderr.encoding=UTF-8 ShadowTaxi

Host: 13th Gen Intel(R) Core(TM) i5-13600K, 20 cores, 31G,  Windows 11 , 64 bit Build 22621 (10.0.22621.3958)
Time: Fri Oct 11 14:06:48 2024  Windows 11 , 64 bit Build 22621 (10.0.22621.3958) elapsed time: 0.449772 seconds (0d 0h 0m 0s)

---------------  T H R E A D  ---------------

Current thread (0x00000291c3548d90):  JavaThread "main"             [_thread_in_native, id=11344, stack(0x000000ebe9000000,0x000000ebe9100000) (1024K)]

Stack: [0x000000ebe9000000,0x000000ebe9100000],  sp=0x000000ebe90fe0b8,  free space=1016k
Native frames: (J=compiled Java code, j=interpreted, Vv=VM code, C=native code)
C  [jdwp.dll+0x26918]  (no source info available)
C  [jdwp.dll+0x161bf]  (no source info available)
C  [jdwp.dll+0x1283f]  (no source info available)
V  [jvm.dll+0x5a04e7]  (no source info available)
V  [jvm.dll+0x3c9000]  (no source info available)
V  [jvm.dll+0x3c7c5c]  (no source info available)
V  [jvm.dll+0x3c7bf8]  (no source info available)
V  [jvm.dll+0x5ea63b]  (no source info available)
V  [jvm.dll+0x5ea6f3]  (no source info available)
V  [jvm.dll+0x3dd76a]  (no source info available)
V  [jvm.dll+0x3dd1f0]  (no source info available)
C  0x00000291d4f8f931  (no source info available)

The last pc belongs to getstatic (printed below).
Java frames: (J=compiled Java code, j=interpreted, Vv=VM code)
j  org.lwjgl.glfw.GLFW.glfwInit()Z+0
j  bagel.AbstractGame.<clinit>()V+19
v  ~StubRoutines::call_stub 0x00000291d4f7100d

siginfo: EXCEPTION_ACCESS_VIOLATION (0xc0000005), reading address 0xffffffffffffffff


Registers:
RAX=0x00000291c1546f40, RBX=0x00000291e776d440, RCX=0x00000291c3549150, RDX=0x00000291e776d440
RSP=0x000000ebe90fe0b8, RBP=0x0000000000000002, RSI=0x000000ebe90fe160, RDI=0x00000291c3549150
R8 =0x0000000000010002, R9 =0x0000000000000000, R10=0x00007ffb888a0000, R11=0x000000ebe90fe088
R12=0x0000000000000007, R13=0x00000291e776d440, R14=0x00007ffb752e0400, R15=0x0000000000000000
RIP=0x00007ffb752d6918, EFLAGS=0x0000000000010202


Register to memory mapping:

RAX=0x00000291c1546f40 points into unknown readable memory: 0x0000000000000000 | 00 00 00 00 00 00 00 00
RBX=0x00000291e776d440 points into unknown readable memory: 0x0000000623409b38 | 38 9b 40 23 06 00 00 00
RCX=0x00000291c3549150 points into unknown readable memory: 0x00000291c1546f40 | 40 6f 54 c1 91 02 00 00
RDX=0x00000291e776d440 points into unknown readable memory: 0x0000000623409b38 | 38 9b 40 23 06 00 00 00
RSP=0x000000ebe90fe0b8 is pointing into the stack for thread: 0x00000291c3548d90
RBP=0x0000000000000002 is an unknown value
RSI=0x000000ebe90fe160 is pointing into the stack for thread: 0x00000291c3548d90
RDI=0x00000291c3549150 points into unknown readable memory: 0x00000291c1546f40 | 40 6f 54 c1 91 02 00 00
R8 =0x0000000000010002 is an unknown value
R9 =0x0 is null
R10=0x00007ffb888a0000 VCRUNTIME140.dll
R11=0x000000ebe90fe088 is pointing into the stack for thread: 0x00000291c3548d90
R12=0x0000000000000007 is an unknown value
R13=0x00000291e776d440 points into unknown readable memory: 0x0000000623409b38 | 38 9b 40 23 06 00 00 00
R14=0x00007ffb752e0400 jdwp.dll
R15=0x0 is null

Top of Stack: (sp=0x000000ebe90fe0b8)
0x000000ebe90fe0b8:   00007ffb752c61bf 00000291e776d440
0x000000ebe90fe0c8:   000000ebe90fe160 0000000000000000
0x000000ebe90fe0d8:   0000000000000000 0000000200000007
0x000000ebe90fe0e8:   00000291e779b0e0 00000291c3530210
0x000000ebe90fe0f8:   00007ffb752e0428 00000291c3549370
0x000000ebe90fe108:   00007ffb752c283f 00000291e776d440
0x000000ebe90fe118:   0000000000000002 00000291c3549150
0x000000ebe90fe128:   00000291e776d448 000000ebe90fe320
0x000000ebe90fe138:   00000291e7678868 00000005c1190100
0x000000ebe90fe148:   0000029181015588 0000000000000000
0x000000ebe90fe158:   0000000bffffffff 0000000000000007
0x000000ebe90fe168:   00000291e776d440 0000000000000000
0x000000ebe90fe178:   00000291e776d448 0000000000000000
0x000000ebe90fe188:   0000000000000000 0000000000000000
0x000000ebe90fe198:   0000000000000000 0000000000000000
0x000000ebe90fe1a8:   0000000000000000 0000000000000000
0x000000ebe90fe1b8:   00000291c3549370 0000029181015588
0x000000ebe90fe1c8:   00007ffabf9604e7 00000291e776d448
0x000000ebe90fe1d8:   00000291c11b9780 00000291c3548d90
0x000000ebe90fe1e8:   00007ffabf655c22 0000f1f5a847228e
0x000000ebe90fe1f8:   00000291c57da700 0000029181015588
0x000000ebe90fe208:   0000000000000001 000000ebe90fe2a0
0x000000ebe90fe218:   00007ffabf6524d0 0000029181015588
0x000000ebe90fe228:   0000000000000000 00000291c355de20
0x000000ebe90fe238:   00000291c57e2ae0 00000291c57e2af0
0x000000ebe90fe248:   00000291c57e2ec8 00000000000003d8
0x000000ebe90fe258:   00000291c3548d90 00000291c3548d90
0x000000ebe90fe268:   00000291c355e0e0 00000291c57dc470
0x000000ebe90fe278:   00000291c57dc480 00000291c57dc558
0x000000ebe90fe288:   00000000000000d8 000000ebe90fe2a0
0x000000ebe90fe298:   00007ffabf64c758 00000291c3548d90
0x000000ebe90fe2a8:   00000291c355e0e0 00000291c57dc470 

Instructions: (pc=0x00007ffb752d6918)
0x00007ffb752d6818:   05 d3 08 01 00 48 8b 03 48 8b d7 4d 8b 40 30 48
0x00007ffb752d6828:   8b cb 48 8b 5c 24 30 48 83 c4 20 5f 48 ff a0 00
0x00007ffb752d6838:   01 00 00 cc 48 89 5c 24 08 57 48 83 ec 20 48 8b
0x00007ffb752d6848:   f9 e8 f2 ea ff ff 4c 8b 05 9b 08 01 00 48 8b d8
0x00007ffb752d6858:   41 f6 80 10 02 00 00 02 74 33 41 b8 20 06 00 00
0x00007ffb752d6868:   48 8d 15 19 c4 00 00 48 8d 0d 4e 5b 00 00 e8 d9
0x00007ffb752d6878:   48 ff ff 48 8d 15 56 9a 00 00 48 8d 0d 4f 5b 00
0x00007ffb752d6888:   00 e8 6e 49 ff ff 4c 8b 05 5b 08 01 00 48 8b 03
0x00007ffb752d6898:   48 8b d7 4d 8b 40 38 48 8b cb 48 8b 5c 24 30 48
0x00007ffb752d68a8:   83 c4 20 5f 48 ff a0 00 01 00 00 cc 48 89 5c 24
0x00007ffb752d68b8:   08 57 48 83 ec 20 48 8b f9 e8 7a ea ff ff 48 8b
0x00007ffb752d68c8:   15 23 08 01 00 48 8b d8 f6 82 10 02 00 00 02 74
0x00007ffb752d68d8:   2c 41 b8 12 06 00 00 48 8d 15 a2 c3 00 00 48 8d
0x00007ffb752d68e8:   0d d7 5a 00 00 e8 62 48 ff ff 48 8d 15 27 6b 00
0x00007ffb752d68f8:   00 48 8d 0d d8 5a 00 00 e8 f7 48 ff ff 48 8b 03
0x00007ffb752d6908:   48 8b d7 48 8b cb 48 8b 5c 24 30 48 83 c4 20 5f
0x00007ffb752d6918:   48 ff a0 50 07 00 00 cc 48 89 5c 24 08 48 89 74
0x00007ffb752d6928:   24 10 48 89 7c 24 18 41 56 48 83 ec 20 4c 63 f2
0x00007ffb752d6938:   49 8b d8 48 8b d1 41 8b f9 48 8b cb 4d 8d 46 ff
0x00007ffb752d6948:   ff 15 22 59 00 00 85 c0 75 3c 41 0f be 44 1e ff
0x00007ffb752d6958:   3b c7 75 32 49 03 de eb 10 0f be c8 ff 15 f6 58
0x00007ffb752d6968:   00 00 85 c0 74 09 48 ff c3 8a 03 84 c0 75 ea 80
0x00007ffb752d6978:   3b 3b 74 12 8b d7 48 8b cb e8 2c 4b 00 00 48 85
0x00007ffb752d6988:   c0 0f 94 c0 eb 02 32 c0 48 8b 5c 24 30 48 8b 74
0x00007ffb752d6998:   24 38 48 8b 7c 24 40 48 83 c4 20 41 5e c3 cc cc
0x00007ffb752d69a8:   0f b6 d1 83 fa 1e 0f 87 83 00 00 00 74 7b 83 fa
0x00007ffb752d69b8:   07 77 41 74 39 83 ea 01 74 2e 83 ea 01 74 23 83
0x00007ffb752d69c8:   ea 01 74 18 83 ea 01 74 0d 83 fa 02 0f 85 8a 00
0x00007ffb752d69d8:   00 00 8d 42 03 c3 b8 04 00 00 00 c3 b8 03 00 00
0x00007ffb752d69e8:   00 c3 b8 02 00 00 00 c3 b8 01 00 00 00 c3 b8 06
0x00007ffb752d69f8:   00 00 00 c3 b8 08 00 00 00 2b d0 74 26 83 ea 01
0x00007ffb752d6a08:   0f 84 88 00 00 00 83 ea 01 74 12 b8 0a 00 00 00 


Stack slot to memory mapping:

stack at sp + 0 slots: 0x00007ffb752c61bf jdwp.dll
stack at sp + 1 slots: 0x00000291e776d440 points into unknown readable memory: 0x0000000623409b38 | 38 9b 40 23 06 00 00 00
stack at sp + 2 slots: 0x000000ebe90fe160 is pointing into the stack for thread: 0x00000291c3548d90
stack at sp + 3 slots: 0x0 is null
stack at sp + 4 slots: 0x0 is null
stack at sp + 5 slots: 0x0000000200000007 is an unknown value
stack at sp + 6 slots: 0x00000291e779b0e0 points into unknown readable memory: 0x00000291d56c0a10 | 10 0a 6c d5 91 02 00 00
stack at sp + 7 slots: 0x00000291c3530210 points into unknown readable memory: 0x8000001200000001 | 01 00 00 00 12 00 00 80

getstatic  178 getstatic  [0x00000291d4f8f880, 0x00000291d4f8fcd8]  1112 bytes
[MachCode]
  0x00000291d4f8f880: 4883 ec08 | c5fa 1104 | 24eb 1f48 | 83ec 10c5 | fb11 0424 | eb14 4883 | ec10 4889 | 0424 48c7 
  0x00000291d4f8f8a0: 4424 0800 | 0000 00eb | 0150 488b | 4dd0 410f | b755 0148 | 8b49 286b | d218 488d | 4c11 080f 
  0x00000291d4f8f8c0: b659 1281 | fbb2 0000 | 000f 8474 | 0100 00bb | b200 0000 | e805 0000 | 00e9 5001 | 0000 488b 
  0x00000291d4f8f8e0: d348 8d44 | 2408 4c89 | 6dc0 498b | cfc5 f877 | 4989 afb0 | 0300 0049 | 8987 a003 | 0000 4883 
  0x00000291d4f8f900: ec20 40f6 | c40f 0f84 | 1900 0000 | 4883 ec08 | 48b8 90d1 | 79bf fa7f | 0000 ffd0 | 4883 c408 
  0x00000291d4f8f920: e90c 0000 | 0048 b890 | d179 bffa | 7f00 00ff | d048 83c4 | 2049 c787 | a003 0000 | 0000 0000 
  0x00000291d4f8f940: 49c7 87b0 | 0300 0000 | 0000 0049 | c787 a803 | 0000 0000 | 0000 c5f8 | 7741 8b8f | 3405 0000 
  0x00000291d4f8f960: f6c1 010f | 8442 0000 | 00f6 c102 | 0f85 3900 | 0000 4883 | ec20 40f6 | c40f 0f84 | 1900 0000 
  0x00000291d4f8f980: 4883 ec08 | 48b8 c07b | 79bf fa7f | 0000 ffd0 | 4883 c408 | e90c 0000 | 0048 b8c0 | 7b79 bffa 
  0x00000291d4f8f9a0: 7f00 00ff | d048 83c4 | 20ff e049 | 8b8f e005 | 0000 4885 | c90f 8455 | 0000 008b | 899c 0000 
  0x00000291d4f8f9c0: 0083 f901 | 0f85 4600 | 0000 498b | 8fe0 0500 | 008b 89a0 | 0000 0048 | 83ec 2040 | f6c4 0f0f 
  0x00000291d4f8f9e0: 8419 0000 | 0048 83ec | 0848 b8b0 | 7b79 bffa | 7f00 00ff | d048 83c4 | 08e9 0c00 | 0000 48b8 
  0x00000291d4f8fa00: b07b 79bf | fa7f 0000 | ffd0 4883 | c420 ffe0 | 4983 7f08 | 000f 8405 | 0000 00e9 | e014 feff 
  0x00000291d4f8fa20: 4c8b 6dc0 | 4c8b 75c8 | 4e8d 74f5 | 00c3 488b | 4dd0 410f | b755 0148 | 8b49 286b | d218 488d 
  0x00000291d4f8fa40: 4c11 0848 | b8a0 a101 | c0fa 7f00 | 008b 0085 | c00f 848a | 0100 0048 | 8b4d d041 | 0fb7 5501 
  0x00000291d4f8fa60: 488b 4928 | 6bd2 1848 | 8d4c 1108 | 4833 c0e8 | 0500 0000 | e953 0100 | 004c 8bc1 | 488b d048 
  0x00000291d4f8fa80: 8d44 2408 | 4c89 6dc0 | 498b cfc5 | f877 4989 | afb0 0300 | 0049 8987 | a003 0000 | 4883 ec20 
  0x00000291d4f8faa0: 40f6 c40f | 0f84 1900 | 0000 4883 | ec08 48b8 | f0c6 79bf | fa7f 0000 | ffd0 4883 | c408 e90c 
  0x00000291d4f8fac0: 0000 0048 | b8f0 c679 | bffa 7f00 | 00ff d048 | 83c4 2049 | c787 a003 | 0000 0000 | 0000 49c7 
  0x00000291d4f8fae0: 87b0 0300 | 0000 0000 | 0049 c787 | a803 0000 | 0000 0000 | c5f8 7741 | 8b8f 3405 | 0000 f6c1 
  0x00000291d4f8fb00: 010f 8442 | 0000 00f6 | c102 0f85 | 3900 0000 | 4883 ec20 | 40f6 c40f | 0f84 1900 | 0000 4883 
  0x00000291d4f8fb20: ec08 48b8 | c07b 79bf | fa7f 0000 | ffd0 4883 | c408 e90c | 0000 0048 | b8c0 7b79 | bffa 7f00 
  0x00000291d4f8fb40: 00ff d048 | 83c4 20ff | e049 8b8f | e005 0000 | 4885 c90f | 8455 0000 | 008b 899c | 0000 0083 
  0x00000291d4f8fb60: f901 0f85 | 4600 0000 | 498b 8fe0 | 0500 008b | 89a0 0000 | 0048 83ec | 2040 f6c4 | 0f0f 8419 
  0x00000291d4f8fb80: 0000 0048 | 83ec 0848 | b8b0 7b79 | bffa 7f00 | 00ff d048 | 83c4 08e9 | 0c00 0000 | 48b8 b07b 
  0x00000291d4f8fba0: 79bf fa7f | 0000 ffd0 | 4883 c420 | ffe0 4983 | 7f08 000f | 8405 0000 | 00e9 4213 | feff 4c8b 
  0x00000291d4f8fbc0: 6dc0 4c8b | 75c8 4e8d | 74f5 00c3 | 488b 4dd0 | 410f b755 | 0148 8b49 | 286b d218 | 488d 4c11 
  0x00000291d4f8fbe0: 088b 5908 | 0fb6 5111 | 0fb6 4110 | 4c8b 094d | 8b49 704d | 8b09 85c0 | 0f85 0b00 | 0000 410f 
  0x00000291d4f8fc00: be04 1950 | e9b5 0000 | 0083 f801 | 0f85 0b00 | 0000 410f | b604 1950 | e9a1 0000 | 0083 f808 
  0x00000291d4f8fc20: 0f85 0e00 | 0000 418b | 0419 48c1 | e003 50e9 | 8a00 0000 | 83f8 040f | 850a 0000 | 0041 8b04 
  0x00000291d4f8fc40: 1950 e977 | 0000 0083 | f802 0f85 | 0b00 0000 | 410f b704 | 1950 e963 | 0000 0083 | f803 0f85 
  0x00000291d4f8fc60: 0b00 0000 | 410f bf04 | 1950 e94f | 0000 0083 | f805 0f85 | 1a00 0000 | 498b 0419 | 4883 ec10 
  0x00000291d4f8fc80: 4889 0424 | 48c7 4424 | 0800 0000 | 00e9 2c00 | 0000 83f8 | 060f 8514 | 0000 00c4 | c17a 1004 
  0x00000291d4f8fca0: 1948 83ec | 08c5 fa11 | 0424 e90f | 0000 00c4 | c17b 1004 | 1948 83ec | 10c5 fb11 | 0424 410f 
  0x00000291d4f8fcc0: b65d 0349 | 83c5 0349 | ba30 1104 | c0fa 7f00 | 0041 ff24 | da66 6690 
[/MachCode]

---------------  P R O C E S S  ---------------

Threads class SMR info:
_java_thread_list=0x00000291c12f0c90, length=17, elements={
0x00000291c3548d90, 0x00000291e7789b20, 0x00000291e778a940, 0x00000291e778d4b0,
0x00000291e7790e40, 0x00000291e77928b0, 0x00000291e7793440, 0x00000291e7799810,
0x00000291e779a2c0, 0x00000291c113cdc0, 0x00000291c1170630, 0x00000291c1170cf0,
0x00000291c11a1590, 0x00000291c1278fe0, 0x00000291c131b4e0, 0x00000291c1285250,
0x00000291c12f0de0
}

Java Threads: ( => current thread )
=>0x00000291c3548d90 JavaThread "main"                              [_thread_in_native, id=11344, stack(0x000000ebe9000000,0x000000ebe9100000) (1024K)]
  0x00000291e7789b20 JavaThread "Reference Handler"          daemon [_thread_blocked, id=9704, stack(0x000000ebe9800000,0x000000ebe9900000) (1024K)]
  0x00000291e778a940 JavaThread "Finalizer"                  daemon [_thread_blocked, id=25688, stack(0x000000ebe9900000,0x000000ebe9a00000) (1024K)]
  0x00000291e778d4b0 JavaThread "Signal Dispatcher"          daemon [_thread_blocked, id=27772, stack(0x000000ebe9a00000,0x000000ebe9b00000) (1024K)]
  0x00000291e7790e40 JavaThread "Attach Listener"            daemon [_thread_blocked, id=7508, stack(0x000000ebe9b00000,0x000000ebe9c00000) (1024K)]
  0x00000291e77928b0 JavaThread "Service Thread"             daemon [_thread_blocked, id=11428, stack(0x000000ebe9c00000,0x000000ebe9d00000) (1024K)]
  0x00000291e7793440 JavaThread "Monitor Deflation Thread"   daemon [_thread_blocked, id=28040, stack(0x000000ebe9d00000,0x000000ebe9e00000) (1024K)]
  0x00000291e7799810 JavaThread "C2 CompilerThread0"         daemon [_thread_blocked, id=20788, stack(0x000000ebe9e00000,0x000000ebe9f00000) (1024K)]
  0x00000291e779a2c0 JavaThread "C1 CompilerThread0"         daemon [_thread_blocked, id=25220, stack(0x000000ebe9f00000,0x000000ebea000000) (1024K)]
  0x00000291c113cdc0 JavaThread "Common-Cleaner"             daemon [_thread_blocked, id=22252, stack(0x000000ebea000000,0x000000ebea100000) (1024K)]
  0x00000291c1170630 JavaThread "C1 CompilerThread1"         daemon [_thread_blocked, id=22800, stack(0x000000ebea100000,0x000000ebea200000) (1024K)]
  0x00000291c1170cf0 JavaThread "C1 CompilerThread2"         daemon [_thread_blocked, id=6532, stack(0x000000ebea200000,0x000000ebea300000) (1024K)]
  0x00000291c11a1590 JavaThread "C1 CompilerThread3"         daemon [_thread_blocked, id=19088, stack(0x000000ebea300000,0x000000ebea400000) (1024K)]
  0x00000291c1278fe0 JavaThread "JDWP Transport Listener: dt_socket" daemon [_thread_blocked, id=23548, stack(0x000000ebea400000,0x000000ebea500000) (1024K)]
  0x00000291c131b4e0 JavaThread "JDWP Event Helper Thread"   daemon [_thread_blocked, id=11488, stack(0x000000ebea500000,0x000000ebea600000) (1024K)]
  0x00000291c1285250 JavaThread "JDWP Command Reader"        daemon [_thread_in_native, id=3588, stack(0x000000ebea600000,0x000000ebea700000) (1024K)]
  0x00000291c12f0de0 JavaThread "Notification Thread"        daemon [_thread_blocked, id=2652, stack(0x000000ebea700000,0x000000ebea800000) (1024K)]
Total: 17

Other Threads:
  0x00000291e776c180 VMThread "VM Thread"                           [id=16804, stack(0x000000ebe9700000,0x000000ebe9800000) (1024K)]
  0x00000291e7753cb0 WatcherThread "VM Periodic Task Thread"        [id=29588, stack(0x000000ebe9600000,0x000000ebe9700000) (1024K)]
  0x00000291e760f990 WorkerThread "GC Thread#0"                     [id=23764, stack(0x000000ebe9100000,0x000000ebe9200000) (1024K)]
  0x00000291e7610b00 ConcurrentGCThread "G1 Main Marker"            [id=13260, stack(0x000000ebe9200000,0x000000ebe9300000) (1024K)]
  0x00000291c585e180 WorkerThread "G1 Conc#0"                       [id=8248, stack(0x000000ebe9300000,0x000000ebe9400000) (1024K)]
  0x00000291e7695430 ConcurrentGCThread "G1 Refine#0"               [id=3876, stack(0x000000ebe9400000,0x000000ebe9500000) (1024K)]
  0x00000291e7695fb0 ConcurrentGCThread "G1 Service"                [id=25880, stack(0x000000ebe9500000,0x000000ebe9600000) (1024K)]
Total: 7

Threads with active compile tasks:
Total: 0

VM state: not at safepoint (normal execution)

VM Mutex/Monitor currently owned by a thread: None

Heap address: 0x0000000603800000, size: 8136 MB, Compressed Oops mode: Zero based, Oop shift amount: 3

CDS archive(s) mapped at: [0x0000029180000000-0x0000029180c60000-0x0000029180c60000), size 12976128, SharedBaseAddress: 0x0000029180000000, ArchiveRelocationMode: 1.
Compressed class space mapped at: 0x0000029181000000-0x00000291c1000000, reserved size: 1073741824
Narrow klass base: 0x0000029180000000, Narrow klass shift: 0, Narrow klass range: 0x41000000

GC Precious Log:
 CardTable entry size: 512
 Card Set container configuration: InlinePtr #cards 4 size 8 Array Of Cards #cards 32 size 80 Howl #buckets 8 coarsen threshold 7372 Howl Bitmap #cards 1024 size 144 coarsen threshold 921 Card regions per heap region 1 cards per card region 8192
 CPUs: 20 total, 20 available
 Memory: 32538M
 Large Page Support: Disabled
 NUMA Support: Disabled
 Compressed Oops: Enabled (Zero based)
 Heap Region Size: 4M
 Heap Min Capacity: 8M
 Heap Initial Capacity: 512M
 Heap Max Capacity: 8136M
 Pre-touch: Disabled
 Parallel Workers: 15
 Concurrent Workers: 4
 Concurrent Refinement Workers: 15
 Periodic GC: Disabled

Heap:
 garbage-first heap   total reserved 8331264K, committed 524288K, used 8192K [0x0000000603800000, 0x0000000800000000)
  region size 4096K, 3 young (12288K), 0 survivors (0K)
 Metaspace       used 1960K, committed 2176K, reserved 1114112K
  class space    used 155K, committed 256K, reserved 1048576K

Heap Regions: E=young(eden), S=young(survivor), O=old, HS=humongous(starts), HC=humongous(continues), CS=collection set, F=free, TAMS=top-at-mark-start, PB=parsable bottom
|   0|0x0000000603800000, 0x0000000603800000, 0x0000000603c00000|  0%| F|  |TAMS 0x0000000603800000| PB 0x0000000603800000| Untracked |  0
|   1|0x0000000603c00000, 0x0000000603c00000, 0x0000000604000000|  0%| F|  |TAMS 0x0000000603c00000| PB 0x0000000603c00000| Untracked |  0
|   2|0x0000000604000000, 0x0000000604000000, 0x0000000604400000|  0%| F|  |TAMS 0x0000000604000000| PB 0x0000000604000000| Untracked |  0
|   3|0x0000000604400000, 0x0000000604400000, 0x0000000604800000|  0%| F|  |TAMS 0x0000000604400000| PB 0x0000000604400000| Untracked |  0
|   4|0x0000000604800000, 0x0000000604800000, 0x0000000604c00000|  0%| F|  |TAMS 0x0000000604800000| PB 0x0000000604800000| Untracked |  0
|   5|0x0000000604c00000, 0x0000000604c00000, 0x0000000605000000|  0%| F|  |TAMS 0x0000000604c00000| PB 0x0000000604c00000| Untracked |  0
|   6|0x0000000605000000, 0x0000000605000000, 0x0000000605400000|  0%| F|  |TAMS 0x0000000605000000| PB 0x0000000605000000| Untracked |  0
|   7|0x0000000605400000, 0x0000000605400000, 0x0000000605800000|  0%| F|  |TAMS 0x0000000605400000| PB 0x0000000605400000| Untracked |  0
|   8|0x0000000605800000, 0x0000000605800000, 0x0000000605c00000|  0%| F|  |TAMS 0x0000000605800000| PB 0x0000000605800000| Untracked |  0
|   9|0x0000000605c00000, 0x0000000605c00000, 0x0000000606000000|  0%| F|  |TAMS 0x0000000605c00000| PB 0x0000000605c00000| Untracked |  0
|  10|0x0000000606000000, 0x0000000606000000, 0x0000000606400000|  0%| F|  |TAMS 0x0000000606000000| PB 0x0000000606000000| Untracked |  0
|  11|0x0000000606400000, 0x0000000606400000, 0x0000000606800000|  0%| F|  |TAMS 0x0000000606400000| PB 0x0000000606400000| Untracked |  0
|  12|0x0000000606800000, 0x0000000606800000, 0x0000000606c00000|  0%| F|  |TAMS 0x0000000606800000| PB 0x0000000606800000| Untracked |  0
|  13|0x0000000606c00000, 0x0000000606c00000, 0x0000000607000000|  0%| F|  |TAMS 0x0000000606c00000| PB 0x0000000606c00000| Untracked |  0
|  14|0x0000000607000000, 0x0000000607000000, 0x0000000607400000|  0%| F|  |TAMS 0x0000000607000000| PB 0x0000000607000000| Untracked |  0
|  15|0x0000000607400000, 0x0000000607400000, 0x0000000607800000|  0%| F|  |TAMS 0x0000000607400000| PB 0x0000000607400000| Untracked |  0
|  16|0x0000000607800000, 0x0000000607800000, 0x0000000607c00000|  0%| F|  |TAMS 0x0000000607800000| PB 0x0000000607800000| Untracked |  0
|  17|0x0000000607c00000, 0x0000000607c00000, 0x0000000608000000|  0%| F|  |TAMS 0x0000000607c00000| PB 0x0000000607c00000| Untracked |  0
|  18|0x0000000608000000, 0x0000000608000000, 0x0000000608400000|  0%| F|  |TAMS 0x0000000608000000| PB 0x0000000608000000| Untracked |  0
|  19|0x0000000608400000, 0x0000000608400000, 0x0000000608800000|  0%| F|  |TAMS 0x0000000608400000| PB 0x0000000608400000| Untracked |  0
|  20|0x0000000608800000, 0x0000000608800000, 0x0000000608c00000|  0%| F|  |TAMS 0x0000000608800000| PB 0x0000000608800000| Untracked |  0
|  21|0x0000000608c00000, 0x0000000608c00000, 0x0000000609000000|  0%| F|  |TAMS 0x0000000608c00000| PB 0x0000000608c00000| Untracked |  0
|  22|0x0000000609000000, 0x0000000609000000, 0x0000000609400000|  0%| F|  |TAMS 0x0000000609000000| PB 0x0000000609000000| Untracked |  0
|  23|0x0000000609400000, 0x0000000609400000, 0x0000000609800000|  0%| F|  |TAMS 0x0000000609400000| PB 0x0000000609400000| Untracked |  0
|  24|0x0000000609800000, 0x0000000609800000, 0x0000000609c00000|  0%| F|  |TAMS 0x0000000609800000| PB 0x0000000609800000| Untracked |  0
|  25|0x0000000609c00000, 0x0000000609c00000, 0x000000060a000000|  0%| F|  |TAMS 0x0000000609c00000| PB 0x0000000609c00000| Untracked |  0
|  26|0x000000060a000000, 0x000000060a000000, 0x000000060a400000|  0%| F|  |TAMS 0x000000060a000000| PB 0x000000060a000000| Untracked |  0
|  27|0x000000060a400000, 0x000000060a400000, 0x000000060a800000|  0%| F|  |TAMS 0x000000060a400000| PB 0x000000060a400000| Untracked |  0
|  28|0x000000060a800000, 0x000000060a800000, 0x000000060ac00000|  0%| F|  |TAMS 0x000000060a800000| PB 0x000000060a800000| Untracked |  0
|  29|0x000000060ac00000, 0x000000060ac00000, 0x000000060b000000|  0%| F|  |TAMS 0x000000060ac00000| PB 0x000000060ac00000| Untracked |  0
|  30|0x000000060b000000, 0x000000060b000000, 0x000000060b400000|  0%| F|  |TAMS 0x000000060b000000| PB 0x000000060b000000| Untracked |  0
|  31|0x000000060b400000, 0x000000060b400000, 0x000000060b800000|  0%| F|  |TAMS 0x000000060b400000| PB 0x000000060b400000| Untracked |  0
|  32|0x000000060b800000, 0x000000060b800000, 0x000000060bc00000|  0%| F|  |TAMS 0x000000060b800000| PB 0x000000060b800000| Untracked |  0
|  33|0x000000060bc00000, 0x000000060bc00000, 0x000000060c000000|  0%| F|  |TAMS 0x000000060bc00000| PB 0x000000060bc00000| Untracked |  0
|  34|0x000000060c000000, 0x000000060c000000, 0x000000060c400000|  0%| F|  |TAMS 0x000000060c000000| PB 0x000000060c000000| Untracked |  0
|  35|0x000000060c400000, 0x000000060c400000, 0x000000060c800000|  0%| F|  |TAMS 0x000000060c400000| PB 0x000000060c400000| Untracked |  0
|  36|0x000000060c800000, 0x000000060c800000, 0x000000060cc00000|  0%| F|  |TAMS 0x000000060c800000| PB 0x000000060c800000| Untracked |  0
|  37|0x000000060cc00000, 0x000000060cc00000, 0x000000060d000000|  0%| F|  |TAMS 0x000000060cc00000| PB 0x000000060cc00000| Untracked |  0
|  38|0x000000060d000000, 0x000000060d000000, 0x000000060d400000|  0%| F|  |TAMS 0x000000060d000000| PB 0x000000060d000000| Untracked |  0
|  39|0x000000060d400000, 0x000000060d400000, 0x000000060d800000|  0%| F|  |TAMS 0x000000060d400000| PB 0x000000060d400000| Untracked |  0
|  40|0x000000060d800000, 0x000000060d800000, 0x000000060dc00000|  0%| F|  |TAMS 0x000000060d800000| PB 0x000000060d800000| Untracked |  0
|  41|0x000000060dc00000, 0x000000060dc00000, 0x000000060e000000|  0%| F|  |TAMS 0x000000060dc00000| PB 0x000000060dc00000| Untracked |  0
|  42|0x000000060e000000, 0x000000060e000000, 0x000000060e400000|  0%| F|  |TAMS 0x000000060e000000| PB 0x000000060e000000| Untracked |  0
|  43|0x000000060e400000, 0x000000060e400000, 0x000000060e800000|  0%| F|  |TAMS 0x000000060e400000| PB 0x000000060e400000| Untracked |  0
|  44|0x000000060e800000, 0x000000060e800000, 0x000000060ec00000|  0%| F|  |TAMS 0x000000060e800000| PB 0x000000060e800000| Untracked |  0
|  45|0x000000060ec00000, 0x000000060ec00000, 0x000000060f000000|  0%| F|  |TAMS 0x000000060ec00000| PB 0x000000060ec00000| Untracked |  0
|  46|0x000000060f000000, 0x000000060f000000, 0x000000060f400000|  0%| F|  |TAMS 0x000000060f000000| PB 0x000000060f000000| Untracked |  0
|  47|0x000000060f400000, 0x000000060f400000, 0x000000060f800000|  0%| F|  |TAMS 0x000000060f400000| PB 0x000000060f400000| Untracked |  0
|  48|0x000000060f800000, 0x000000060f800000, 0x000000060fc00000|  0%| F|  |TAMS 0x000000060f800000| PB 0x000000060f800000| Untracked |  0
|  49|0x000000060fc00000, 0x000000060fc00000, 0x0000000610000000|  0%| F|  |TAMS 0x000000060fc00000| PB 0x000000060fc00000| Untracked |  0
|  50|0x0000000610000000, 0x0000000610000000, 0x0000000610400000|  0%| F|  |TAMS 0x0000000610000000| PB 0x0000000610000000| Untracked |  0
|  51|0x0000000610400000, 0x0000000610400000, 0x0000000610800000|  0%| F|  |TAMS 0x0000000610400000| PB 0x0000000610400000| Untracked |  0
|  52|0x0000000610800000, 0x0000000610800000, 0x0000000610c00000|  0%| F|  |TAMS 0x0000000610800000| PB 0x0000000610800000| Untracked |  0
|  53|0x0000000610c00000, 0x0000000610c00000, 0x0000000611000000|  0%| F|  |TAMS 0x0000000610c00000| PB 0x0000000610c00000| Untracked |  0
|  54|0x0000000611000000, 0x0000000611000000, 0x0000000611400000|  0%| F|  |TAMS 0x0000000611000000| PB 0x0000000611000000| Untracked |  0
|  55|0x0000000611400000, 0x0000000611400000, 0x0000000611800000|  0%| F|  |TAMS 0x0000000611400000| PB 0x0000000611400000| Untracked |  0
|  56|0x0000000611800000, 0x0000000611800000, 0x0000000611c00000|  0%| F|  |TAMS 0x0000000611800000| PB 0x0000000611800000| Untracked |  0
|  57|0x0000000611c00000, 0x0000000611c00000, 0x0000000612000000|  0%| F|  |TAMS 0x0000000611c00000| PB 0x0000000611c00000| Untracked |  0
|  58|0x0000000612000000, 0x0000000612000000, 0x0000000612400000|  0%| F|  |TAMS 0x0000000612000000| PB 0x0000000612000000| Untracked |  0
|  59|0x0000000612400000, 0x0000000612400000, 0x0000000612800000|  0%| F|  |TAMS 0x0000000612400000| PB 0x0000000612400000| Untracked |  0
|  60|0x0000000612800000, 0x0000000612800000, 0x0000000612c00000|  0%| F|  |TAMS 0x0000000612800000| PB 0x0000000612800000| Untracked |  0
|  61|0x0000000612c00000, 0x0000000612c00000, 0x0000000613000000|  0%| F|  |TAMS 0x0000000612c00000| PB 0x0000000612c00000| Untracked |  0
|  62|0x0000000613000000, 0x0000000613000000, 0x0000000613400000|  0%| F|  |TAMS 0x0000000613000000| PB 0x0000000613000000| Untracked |  0
|  63|0x0000000613400000, 0x0000000613400000, 0x0000000613800000|  0%| F|  |TAMS 0x0000000613400000| PB 0x0000000613400000| Untracked |  0
|  64|0x0000000613800000, 0x0000000613800000, 0x0000000613c00000|  0%| F|  |TAMS 0x0000000613800000| PB 0x0000000613800000| Untracked |  0
|  65|0x0000000613c00000, 0x0000000613c00000, 0x0000000614000000|  0%| F|  |TAMS 0x0000000613c00000| PB 0x0000000613c00000| Untracked |  0
|  66|0x0000000614000000, 0x0000000614000000, 0x0000000614400000|  0%| F|  |TAMS 0x0000000614000000| PB 0x0000000614000000| Untracked |  0
|  67|0x0000000614400000, 0x0000000614400000, 0x0000000614800000|  0%| F|  |TAMS 0x0000000614400000| PB 0x0000000614400000| Untracked |  0
|  68|0x0000000614800000, 0x0000000614800000, 0x0000000614c00000|  0%| F|  |TAMS 0x0000000614800000| PB 0x0000000614800000| Untracked |  0
|  69|0x0000000614c00000, 0x0000000614c00000, 0x0000000615000000|  0%| F|  |TAMS 0x0000000614c00000| PB 0x0000000614c00000| Untracked |  0
|  70|0x0000000615000000, 0x0000000615000000, 0x0000000615400000|  0%| F|  |TAMS 0x0000000615000000| PB 0x0000000615000000| Untracked |  0
|  71|0x0000000615400000, 0x0000000615400000, 0x0000000615800000|  0%| F|  |TAMS 0x0000000615400000| PB 0x0000000615400000| Untracked |  0
|  72|0x0000000615800000, 0x0000000615800000, 0x0000000615c00000|  0%| F|  |TAMS 0x0000000615800000| PB 0x0000000615800000| Untracked |  0
|  73|0x0000000615c00000, 0x0000000615c00000, 0x0000000616000000|  0%| F|  |TAMS 0x0000000615c00000| PB 0x0000000615c00000| Untracked |  0
|  74|0x0000000616000000, 0x0000000616000000, 0x0000000616400000|  0%| F|  |TAMS 0x0000000616000000| PB 0x0000000616000000| Untracked |  0
|  75|0x0000000616400000, 0x0000000616400000, 0x0000000616800000|  0%| F|  |TAMS 0x0000000616400000| PB 0x0000000616400000| Untracked |  0
|  76|0x0000000616800000, 0x0000000616800000, 0x0000000616c00000|  0%| F|  |TAMS 0x0000000616800000| PB 0x0000000616800000| Untracked |  0
|  77|0x0000000616c00000, 0x0000000616c00000, 0x0000000617000000|  0%| F|  |TAMS 0x0000000616c00000| PB 0x0000000616c00000| Untracked |  0
|  78|0x0000000617000000, 0x0000000617000000, 0x0000000617400000|  0%| F|  |TAMS 0x0000000617000000| PB 0x0000000617000000| Untracked |  0
|  79|0x0000000617400000, 0x0000000617400000, 0x0000000617800000|  0%| F|  |TAMS 0x0000000617400000| PB 0x0000000617400000| Untracked |  0
|  80|0x0000000617800000, 0x0000000617800000, 0x0000000617c00000|  0%| F|  |TAMS 0x0000000617800000| PB 0x0000000617800000| Untracked |  0
|  81|0x0000000617c00000, 0x0000000617c00000, 0x0000000618000000|  0%| F|  |TAMS 0x0000000617c00000| PB 0x0000000617c00000| Untracked |  0
|  82|0x0000000618000000, 0x0000000618000000, 0x0000000618400000|  0%| F|  |TAMS 0x0000000618000000| PB 0x0000000618000000| Untracked |  0
|  83|0x0000000618400000, 0x0000000618400000, 0x0000000618800000|  0%| F|  |TAMS 0x0000000618400000| PB 0x0000000618400000| Untracked |  0
|  84|0x0000000618800000, 0x0000000618800000, 0x0000000618c00000|  0%| F|  |TAMS 0x0000000618800000| PB 0x0000000618800000| Untracked |  0
|  85|0x0000000618c00000, 0x0000000618c00000, 0x0000000619000000|  0%| F|  |TAMS 0x0000000618c00000| PB 0x0000000618c00000| Untracked |  0
|  86|0x0000000619000000, 0x0000000619000000, 0x0000000619400000|  0%| F|  |TAMS 0x0000000619000000| PB 0x0000000619000000| Untracked |  0
|  87|0x0000000619400000, 0x0000000619400000, 0x0000000619800000|  0%| F|  |TAMS 0x0000000619400000| PB 0x0000000619400000| Untracked |  0
|  88|0x0000000619800000, 0x0000000619800000, 0x0000000619c00000|  0%| F|  |TAMS 0x0000000619800000| PB 0x0000000619800000| Untracked |  0
|  89|0x0000000619c00000, 0x0000000619c00000, 0x000000061a000000|  0%| F|  |TAMS 0x0000000619c00000| PB 0x0000000619c00000| Untracked |  0
|  90|0x000000061a000000, 0x000000061a000000, 0x000000061a400000|  0%| F|  |TAMS 0x000000061a000000| PB 0x000000061a000000| Untracked |  0
|  91|0x000000061a400000, 0x000000061a400000, 0x000000061a800000|  0%| F|  |TAMS 0x000000061a400000| PB 0x000000061a400000| Untracked |  0
|  92|0x000000061a800000, 0x000000061a800000, 0x000000061ac00000|  0%| F|  |TAMS 0x000000061a800000| PB 0x000000061a800000| Untracked |  0
|  93|0x000000061ac00000, 0x000000061ac00000, 0x000000061b000000|  0%| F|  |TAMS 0x000000061ac00000| PB 0x000000061ac00000| Untracked |  0
|  94|0x000000061b000000, 0x000000061b000000, 0x000000061b400000|  0%| F|  |TAMS 0x000000061b000000| PB 0x000000061b000000| Untracked |  0
|  95|0x000000061b400000, 0x000000061b400000, 0x000000061b800000|  0%| F|  |TAMS 0x000000061b400000| PB 0x000000061b400000| Untracked |  0
|  96|0x000000061b800000, 0x000000061b800000, 0x000000061bc00000|  0%| F|  |TAMS 0x000000061b800000| PB 0x000000061b800000| Untracked |  0
|  97|0x000000061bc00000, 0x000000061bc00000, 0x000000061c000000|  0%| F|  |TAMS 0x000000061bc00000| PB 0x000000061bc00000| Untracked |  0
|  98|0x000000061c000000, 0x000000061c000000, 0x000000061c400000|  0%| F|  |TAMS 0x000000061c000000| PB 0x000000061c000000| Untracked |  0
|  99|0x000000061c400000, 0x000000061c400000, 0x000000061c800000|  0%| F|  |TAMS 0x000000061c400000| PB 0x000000061c400000| Untracked |  0
| 100|0x000000061c800000, 0x000000061c800000, 0x000000061cc00000|  0%| F|  |TAMS 0x000000061c800000| PB 0x000000061c800000| Untracked |  0
| 101|0x000000061cc00000, 0x000000061cc00000, 0x000000061d000000|  0%| F|  |TAMS 0x000000061cc00000| PB 0x000000061cc00000| Untracked |  0
| 102|0x000000061d000000, 0x000000061d000000, 0x000000061d400000|  0%| F|  |TAMS 0x000000061d000000| PB 0x000000061d000000| Untracked |  0
| 103|0x000000061d400000, 0x000000061d400000, 0x000000061d800000|  0%| F|  |TAMS 0x000000061d400000| PB 0x000000061d400000| Untracked |  0
| 104|0x000000061d800000, 0x000000061d800000, 0x000000061dc00000|  0%| F|  |TAMS 0x000000061d800000| PB 0x000000061d800000| Untracked |  0
| 105|0x000000061dc00000, 0x000000061dc00000, 0x000000061e000000|  0%| F|  |TAMS 0x000000061dc00000| PB 0x000000061dc00000| Untracked |  0
| 106|0x000000061e000000, 0x000000061e000000, 0x000000061e400000|  0%| F|  |TAMS 0x000000061e000000| PB 0x000000061e000000| Untracked |  0
| 107|0x000000061e400000, 0x000000061e400000, 0x000000061e800000|  0%| F|  |TAMS 0x000000061e400000| PB 0x000000061e400000| Untracked |  0
| 108|0x000000061e800000, 0x000000061e800000, 0x000000061ec00000|  0%| F|  |TAMS 0x000000061e800000| PB 0x000000061e800000| Untracked |  0
| 109|0x000000061ec00000, 0x000000061ec00000, 0x000000061f000000|  0%| F|  |TAMS 0x000000061ec00000| PB 0x000000061ec00000| Untracked |  0
| 110|0x000000061f000000, 0x000000061f000000, 0x000000061f400000|  0%| F|  |TAMS 0x000000061f000000| PB 0x000000061f000000| Untracked |  0
| 111|0x000000061f400000, 0x000000061f400000, 0x000000061f800000|  0%| F|  |TAMS 0x000000061f400000| PB 0x000000061f400000| Untracked |  0
| 112|0x000000061f800000, 0x000000061f800000, 0x000000061fc00000|  0%| F|  |TAMS 0x000000061f800000| PB 0x000000061f800000| Untracked |  0
| 113|0x000000061fc00000, 0x000000061fc00000, 0x0000000620000000|  0%| F|  |TAMS 0x000000061fc00000| PB 0x000000061fc00000| Untracked |  0
| 114|0x0000000620000000, 0x0000000620000000, 0x0000000620400000|  0%| F|  |TAMS 0x0000000620000000| PB 0x0000000620000000| Untracked |  0
| 115|0x0000000620400000, 0x0000000620400000, 0x0000000620800000|  0%| F|  |TAMS 0x0000000620400000| PB 0x0000000620400000| Untracked |  0
| 116|0x0000000620800000, 0x0000000620800000, 0x0000000620c00000|  0%| F|  |TAMS 0x0000000620800000| PB 0x0000000620800000| Untracked |  0
| 117|0x0000000620c00000, 0x0000000620c00000, 0x0000000621000000|  0%| F|  |TAMS 0x0000000620c00000| PB 0x0000000620c00000| Untracked |  0
| 118|0x0000000621000000, 0x0000000621000000, 0x0000000621400000|  0%| F|  |TAMS 0x0000000621000000| PB 0x0000000621000000| Untracked |  0
| 119|0x0000000621400000, 0x0000000621400000, 0x0000000621800000|  0%| F|  |TAMS 0x0000000621400000| PB 0x0000000621400000| Untracked |  0
| 120|0x0000000621800000, 0x0000000621800000, 0x0000000621c00000|  0%| F|  |TAMS 0x0000000621800000| PB 0x0000000621800000| Untracked |  0
| 121|0x0000000621c00000, 0x0000000621c00000, 0x0000000622000000|  0%| F|  |TAMS 0x0000000621c00000| PB 0x0000000621c00000| Untracked |  0
| 122|0x0000000622000000, 0x0000000622000000, 0x0000000622400000|  0%| F|  |TAMS 0x0000000622000000| PB 0x0000000622000000| Untracked |  0
| 123|0x0000000622400000, 0x0000000622400000, 0x0000000622800000|  0%| F|  |TAMS 0x0000000622400000| PB 0x0000000622400000| Untracked |  0
| 124|0x0000000622800000, 0x0000000622800000, 0x0000000622c00000|  0%| F|  |TAMS 0x0000000622800000| PB 0x0000000622800000| Untracked |  0
| 125|0x0000000622c00000, 0x0000000622d798f0, 0x0000000623000000| 36%| E|  |TAMS 0x0000000622c00000| PB 0x0000000622c00000| Complete |  0
| 126|0x0000000623000000, 0x0000000623400000, 0x0000000623400000|100%| E|CS|TAMS 0x0000000623000000| PB 0x0000000623000000| Complete |  0
| 127|0x0000000623400000, 0x0000000623800000, 0x0000000623800000|100%| E|CS|TAMS 0x0000000623400000| PB 0x0000000623400000| Complete |  0

Card table byte_map: [0x00000291de5b0000,0x00000291df5a0000] _byte_map_base: 0x00000291db594000

Marking Bits: (CMBitMap*) 0x00000291e76100a0
 Bits: [0x00000291df5a0000, 0x00000291e74c0000)

Polling page: 0x00000291c4fa0000

Metaspace:

Usage:
  Non-class:      1.76 MB used.
      Class:    155.73 KB used.
       Both:      1.91 MB used.

Virtual space:
  Non-class space:       64.00 MB reserved,       1.88 MB (  3%) committed,  1 nodes.
      Class space:        1.00 GB reserved,     256.00 KB ( <1%) committed,  1 nodes.
             Both:        1.06 GB reserved,       2.12 MB ( <1%) committed. 

Chunk freelists:
   Non-Class:  11.45 MB
       Class:  15.67 MB
        Both:  27.12 MB

MaxMetaspaceSize: unlimited
CompressedClassSpaceSize: 1.00 GB
Initial GC threshold: 21.00 MB
Current GC threshold: 21.00 MB
CDS: on
 - commit_granule_bytes: 65536.
 - commit_granule_words: 8192.
 - virtual_space_node_default_size: 8388608.
 - enlarge_chunks_in_place: 1.
 - use_allocation_guard: 0.


Internal statistics:

num_allocs_failed_limit: 0.
num_arena_births: 74.
num_arena_deaths: 0.
num_vsnodes_births: 2.
num_vsnodes_deaths: 0.
num_space_committed: 34.
num_space_uncommitted: 0.
num_chunks_returned_to_freelist: 0.
num_chunks_taken_from_freelist: 109.
num_chunk_merges: 0.
num_chunk_splits: 73.
num_chunks_enlarged: 45.
num_inconsistent_stats: 0.

CodeHeap 'non-profiled nmethods': size=119168Kb used=149Kb max_used=149Kb free=119018Kb
 bounds [0x00000291d56c0000, 0x00000291d5930000, 0x00000291dcb20000]
CodeHeap 'profiled nmethods': size=119104Kb used=646Kb max_used=646Kb free=118457Kb
 bounds [0x00000291cdb20000, 0x00000291cdd90000, 0x00000291d4f70000]
CodeHeap 'non-nmethods': size=7488Kb used=3101Kb max_used=3115Kb free=4386Kb
 bounds [0x00000291d4f70000, 0x00000291d5280000, 0x00000291d56c0000]
 total_blobs=947 nmethods=493 adapters=356
 compilation: enabled
              stopped_count=0, restarted_count=0
 full_count=0

Compilation events (20 events):
Event: 0.443 Thread 0x00000291e779a2c0 nmethod 482 0x00000291cdbbf410 code [0x00000291cdbbf5c0, 0x00000291cdbbf7d0]
Event: 0.443 Thread 0x00000291c1170cf0  486       3       jdk.internal.org.objectweb.asm.ByteVector::putByteArray (49 bytes)
Event: 0.444 Thread 0x00000291c1170cf0 nmethod 486 0x00000291cdbbf890 code [0x00000291cdbbfa40, 0x00000291cdbbfd08]
Event: 0.444 Thread 0x00000291e7799810 nmethod 465 0x00000291d56e4810 code [0x00000291d56e49c0, 0x00000291d56e4eb0]
Event: 0.445 Thread 0x00000291e7799810  487       4       java.util.concurrent.ConcurrentHashMap::spread (10 bytes)
Event: 0.445 Thread 0x00000291e7799810 nmethod 487 0x00000291d56e5190 code [0x00000291d56e5300, 0x00000291d56e5378]
Event: 0.446 Thread 0x00000291e7799810  488       4       java.util.concurrent.ConcurrentHashMap::tabAt (22 bytes)
Event: 0.446 Thread 0x00000291e7799810 nmethod 488 0x00000291d56e5490 code [0x00000291d56e5600, 0x00000291d56e5678]
Event: 0.447 Thread 0x00000291c11a1590  489       3       java.util.concurrent.ConcurrentHashMap$BaseIterator::hasNext (13 bytes)
Event: 0.447 Thread 0x00000291e779a2c0  490       3       java.util.concurrent.ConcurrentHashMap$ValueIterator::next (34 bytes)
Event: 0.447 Thread 0x00000291c1170630  491       3       jdk.internal.jimage.ImageStringsReader::hashCode (33 bytes)
Event: 0.447 Thread 0x00000291c11a1590 nmethod 489 0x00000291cdbbfe10 code [0x00000291cdbbffa0, 0x00000291cdbc0108]
Event: 0.447 Thread 0x00000291c1170630 nmethod 491 0x00000291cdbc0190 code [0x00000291cdbc0340, 0x00000291cdbc04c0]
Event: 0.447 Thread 0x00000291c1170630  492       3       java.util.Optional::empty (6 bytes)
Event: 0.447 Thread 0x00000291e779a2c0 nmethod 490 0x00000291cdbc0590 code [0x00000291cdbc0760, 0x00000291cdbc09f0]
Event: 0.447 Thread 0x00000291c1170630 nmethod 492 0x00000291cdbc0b10 code [0x00000291cdbc0ca0, 0x00000291cdbc0d98]
Event: 0.447 Thread 0x00000291c1170630  493       3       java.lang.Integer::stringSize (47 bytes)
Event: 0.447 Thread 0x00000291e779a2c0  494       3       java.lang.StringLatin1::getChars (102 bytes)
Event: 0.448 Thread 0x00000291c1170630 nmethod 493 0x00000291cdbc0e10 code [0x00000291cdbc0fc0, 0x00000291cdbc1200]
Event: 0.448 Thread 0x00000291e779a2c0 nmethod 494 0x00000291cdbc1310 code [0x00000291cdbc14e0, 0x00000291cdbc18c8]

GC Heap History (0 events):
No events

Dll operation events (9 events):
Event: 0.037 Loaded shared library C:\Users\lucyc\.jdks\openjdk-22.0.2\bin\java.dll
Event: 0.038 Loaded shared library C:\Users\lucyc\.jdks\openjdk-22.0.2\bin\zip.dll
Event: 0.056 Loaded shared library C:\Users\lucyc\.jdks\openjdk-22.0.2\bin\jsvml.dll
Event: 0.363 Loaded shared library C:\Users\lucyc\.jdks\openjdk-22.0.2\bin\instrument.dll
Event: 0.381 Loaded shared library C:\Users\lucyc\.jdks\openjdk-22.0.2\bin\net.dll
Event: 0.381 Loaded shared library C:\Users\lucyc\.jdks\openjdk-22.0.2\bin\nio.dll
Event: 0.388 Loaded shared library C:\Users\lucyc\.jdks\openjdk-22.0.2\bin\zip.dll
Event: 0.418 Loaded shared library C:\Users\lucyc\.jdks\openjdk-22.0.2\bin\jimage.dll
Event: 0.430 Loaded shared library C:\Users\lucyc\AppData\Local\Temp\lwjgllucyc\3.3.1-build-7\lwjgl.dll

Deoptimization events (2 events):
Event: 0.441 Thread 0x00000291c3548d90 DEOPT PACKING pc=0x00000291cdb4ea77 sp=0x000000ebe90fabb0
Event: 0.441 Thread 0x00000291c3548d90 DEOPT UNPACKING pc=0x00000291d4fc4e42 sp=0x000000ebe90f9fd0 mode 0

Classes loaded (20 events):
Event: 0.444 Loading class java/nio/BufferUnderflowException
Event: 0.444 Loading class java/nio/BufferUnderflowException done
Event: 0.444 Loading class org/lwjgl/system/MemoryStack
Event: 0.444 Loading class org/lwjgl/system/MemoryStack done
Event: 0.445 Loading class org/lwjgl/system/MemoryStack$DebugMemoryStack
Event: 0.445 Loading class org/lwjgl/system/MemoryStack$DebugMemoryStack done
Event: 0.445 Loading class java/lang/IndexOutOfBoundsException
Event: 0.445 Loading class java/lang/IndexOutOfBoundsException done
Event: 0.445 Loading class org/lwjgl/system/MemoryStack
Event: 0.445 Loading class org/lwjgl/system/MemoryStack done
Event: 0.445 Loading class org/lwjgl/system/MemoryStack
Event: 0.445 Loading class org/lwjgl/system/MemoryStack done
Event: 0.446 Loading class org/lwjgl/BufferUtils
Event: 0.446 Loading class org/lwjgl/BufferUtils done
Event: 0.446 Loading class org/lwjgl/system/windows/WinBase
Event: 0.446 Loading class org/lwjgl/system/windows/WinBase done
Event: 0.446 Loading class org/lwjgl/system/ThreadLocalUtil
Event: 0.446 Loading class org/lwjgl/system/ThreadLocalUtil done
Event: 0.447 Loading class org/lwjgl/glfw/GLFW$Functions
Event: 0.447 Loading class org/lwjgl/glfw/GLFW$Functions done

Classes unloaded (0 events):
No events

Classes redefined (0 events):
No events

Internal exceptions (19 events):
Event: 0.364 Thread 0x00000291c3548d90 Exception <a 'java/lang/NoSuchMethodError'{0x00000006237ce018}: 'void java.lang.invoke.DirectMethodHandle$Holder.invokeStatic(java.lang.Object, java.lang.Object, java.lang.Object)'> (0x00000006237ce018) 
thrown [s\open\src\hotspot\share\interpreter\linkResolver.cpp, line 774]
Event: 0.366 Thread 0x00000291c3548d90 Exception <a 'java/lang/NoSuchMethodError'{0x000000062300e948}: 'java.lang.Object java.lang.invoke.Invokers$Holder.invokeExact_MT(java.lang.Object, java.lang.Object, java.lang.Object, java.lang.Object, java.lang.Object)'> (0x000000062300e948) 
thrown [s\open\src\hotspot\share\interpreter\linkResolver.cpp, line 774]
Event: 0.407 Thread 0x00000291c3548d90 Exception <a 'java/lang/NoSuchMethodError'{0x000000062333fc08}: 'void java.lang.invoke.DirectMethodHandle$Holder.invokeStatic(java.lang.Object, java.lang.Object)'> (0x000000062333fc08) 
thrown [s\open\src\hotspot\share\interpreter\linkResolver.cpp, line 774]
Event: 0.408 Thread 0x00000291c3548d90 Exception <a 'java/lang/NoSuchMethodError'{0x000000062334a330}: 'void java.lang.System.load(java.lang.String, java.lang.Class)'> (0x000000062334a330) 
thrown [s\open\src\hotspot\share\interpreter\linkResolver.cpp, line 774]
Event: 0.408 Thread 0x00000291c3548d90 Exception <a 'java/lang/NoSuchMethodError'{0x000000062334ad60}: 'void java.lang.invoke.DirectMethodHandle$Holder.invokeSpecial(java.lang.Object, java.lang.Object, java.lang.Object)'> (0x000000062334ad60) 
thrown [s\open\src\hotspot\share\interpreter\linkResolver.cpp, line 774]
Event: 0.409 Thread 0x00000291c3548d90 Exception <a 'java/lang/NoSuchMethodError'{0x000000062335e708}: 'java.lang.Object java.lang.invoke.DirectMethodHandle$Holder.invokeStatic(java.lang.Object, java.lang.Object, int)'> (0x000000062335e708) 
thrown [s\open\src\hotspot\share\interpreter\linkResolver.cpp, line 774]
Event: 0.410 Thread 0x00000291c3548d90 Exception <a 'java/lang/NoSuchMethodError'{0x0000000623369f68}: 'void java.lang.invoke.DelegatingMethodHandle$Holder.delegate(java.lang.Object, java.lang.Object, int, java.lang.Object)'> (0x0000000623369f68) 
thrown [s\open\src\hotspot\share\interpreter\linkResolver.cpp, line 774]
Event: 0.410 Thread 0x00000291c3548d90 Exception <a 'java/lang/NoSuchMethodError'{0x000000062336dca8}: 'int java.lang.invoke.DirectMethodHandle$Holder.invokeSpecial(java.lang.Object, java.lang.Object, java.lang.Object)'> (0x000000062336dca8) 
thrown [s\open\src\hotspot\share\interpreter\linkResolver.cpp, line 774]
Event: 0.413 Thread 0x00000291c3548d90 Exception <a 'java/lang/NoSuchMethodError'{0x0000000623389de0}: 'void java.lang.System.loadLibrary(java.lang.String, java.lang.Class)'> (0x0000000623389de0) 
thrown [s\open\src\hotspot\share\interpreter\linkResolver.cpp, line 774]
Event: 0.429 Thread 0x00000291c3548d90 Exception <a 'sun/nio/fs/WindowsException'{0x0000000622c4cd38}> (0x0000000622c4cd38) 
thrown [s\open\src\hotspot\share\prims\jni.cpp, line 520]
Event: 0.429 Thread 0x00000291c3548d90 Exception <a 'sun/nio/fs/WindowsException'{0x0000000622c4e340}> (0x0000000622c4e340) 
thrown [s\open\src\hotspot\share\prims\jni.cpp, line 520]
Event: 0.436 Thread 0x00000291c3548d90 Exception <a 'sun/nio/fs/WindowsException'{0x0000000622c7abb0}> (0x0000000622c7abb0) 
thrown [s\open\src\hotspot\share\prims\jni.cpp, line 520]
Event: 0.436 Thread 0x00000291c3548d90 Exception <a 'sun/nio/fs/WindowsException'{0x0000000622c7af10}> (0x0000000622c7af10) 
thrown [s\open\src\hotspot\share\prims\jni.cpp, line 520]
Event: 0.441 Thread 0x00000291c3548d90 Exception <a 'java/lang/NoSuchMethodError'{0x0000000622ce8b28}: 'int java.lang.invoke.DirectMethodHandle$Holder.invokeStaticInit(java.lang.Object, java.lang.Object, int, long)'> (0x0000000622ce8b28) 
thrown [s\open\src\hotspot\share\interpreter\linkResolver.cpp, line 774]
Event: 0.442 Thread 0x00000291c3548d90 Exception <a 'java/lang/NoSuchMethodError'{0x0000000622cedc68}: 'java.lang.Object java.lang.invoke.DirectMethodHandle$Holder.newInvokeSpecial(java.lang.Object, java.lang.Object, int)'> (0x0000000622cedc68) 
thrown [s\open\src\hotspot\share\interpreter\linkResolver.cpp, line 774]
Event: 0.443 Thread 0x00000291c3548d90 Exception <a 'java/lang/NoSuchMethodError'{0x0000000622cff5f0}: 'int java.lang.invoke.DirectMethodHandle$Holder.invokeStaticInit(java.lang.Object, java.lang.Object, long, long)'> (0x0000000622cff5f0) 
thrown [s\open\src\hotspot\share\interpreter\linkResolver.cpp, line 774]
Event: 0.443 Thread 0x00000291c3548d90 Exception <a 'java/lang/NoSuchMethodError'{0x0000000622d05078}: 'java.lang.Object java.lang.invoke.DirectMethodHandle$Holder.newInvokeSpecial(java.lang.Object, java.lang.Object, long)'> (0x0000000622d05078) 
thrown [s\open\src\hotspot\share\interpreter\linkResolver.cpp, line 774]
Event: 0.443 Thread 0x00000291c3548d90 Exception <a 'java/lang/NoSuchMethodError'{0x0000000622d08f20}: 'java.lang.Object java.lang.invoke.Invokers$Holder.linkToTargetMethod(java.lang.Object, long, java.lang.Object)'> (0x0000000622d08f20) 
thrown [s\open\src\hotspot\share\interpreter\linkResolver.cpp, line 774]
Event: 0.443 Thread 0x00000291c3548d90 Exception <a 'java/lang/NoSuchMethodError'{0x0000000622d10148}: 'int java.lang.invoke.DirectMethodHandle$Holder.invokeStaticInit(java.lang.Object, java.lang.Object, java.lang.Object, long)'> (0x0000000622d10148) 
thrown [s\open\src\hotspot\share\interpreter\linkResolver.cpp, line 774]

ZGC Phase Switch (0 events):
No events

VM Operations (4 events):
Event: 0.359 Executing VM operation: ChangeBreakpoints
Event: 0.359 Executing VM operation: ChangeBreakpoints done
Event: 0.361 Executing VM operation: ChangeBreakpoints
Event: 0.361 Executing VM operation: ChangeBreakpoints done

Memory protections (0 events):
No events

Nmethod flushes (0 events):
No events

Events (17 events):
Event: 0.046 Thread 0x00000291c3548d90 Thread added: 0x00000291c3548d90
Event: 0.054 Thread 0x00000291c3548d90 Thread added: 0x00000291e7789b20
Event: 0.054 Thread 0x00000291c3548d90 Thread added: 0x00000291e778a940
Event: 0.055 Thread 0x00000291c3548d90 Thread added: 0x00000291e778d4b0
Event: 0.055 Thread 0x00000291c3548d90 Thread added: 0x00000291e7790e40
Event: 0.055 Thread 0x00000291c3548d90 Thread added: 0x00000291e77928b0
Event: 0.055 Thread 0x00000291c3548d90 Thread added: 0x00000291e7793440
Event: 0.055 Thread 0x00000291c3548d90 Thread added: 0x00000291e7799810
Event: 0.055 Thread 0x00000291c3548d90 Thread added: 0x00000291e779a2c0
Event: 0.066 Thread 0x00000291c3548d90 Thread added: 0x00000291c113cdc0
Event: 0.069 Thread 0x00000291e779a2c0 Thread added: 0x00000291c1170630
Event: 0.069 Thread 0x00000291e779a2c0 Thread added: 0x00000291c1170cf0
Event: 0.070 Thread 0x00000291e779a2c0 Thread added: 0x00000291c11a1590
Event: 0.099 Thread 0x00000291c3548d90 Thread added: 0x00000291c1278fe0
Event: 0.099 Thread 0x00000291c3548d90 Thread added: 0x00000291c131b4e0
Event: 0.099 Thread 0x00000291c1278fe0 Thread added: 0x00000291c1285250
Event: 0.370 Thread 0x00000291c3548d90 Thread added: 0x00000291c12f0de0


Dynamic libraries:
0x00007ff785650000 - 0x00007ff78565e000 	C:\Users\lucyc\.jdks\openjdk-22.0.2\bin\java.exe
0x00007ffb91990000 - 0x00007ffb91ba7000 	C:\Windows\SYSTEM32\ntdll.dll
0x00007ffb8fe40000 - 0x00007ffb8ff04000 	C:\Windows\System32\KERNEL32.DLL
0x00007ffb8f1b0000 - 0x00007ffb8f567000 	C:\Windows\System32\KERNELBASE.dll
0x00007ffb8ec70000 - 0x00007ffb8ed81000 	C:\Windows\System32\ucrtbase.dll
0x00007ffb888c0000 - 0x00007ffb888d7000 	C:\Users\lucyc\.jdks\openjdk-22.0.2\bin\jli.dll
0x00007ffb888a0000 - 0x00007ffb888bb000 	C:\Users\lucyc\.jdks\openjdk-22.0.2\bin\VCRUNTIME140.dll
0x00007ffb91470000 - 0x00007ffb9161f000 	C:\Windows\System32\USER32.dll
0x00007ffb8ef30000 - 0x00007ffb8ef56000 	C:\Windows\System32\win32u.dll
0x00007ffb77550000 - 0x00007ffb777e3000 	C:\Windows\WinSxS\amd64_microsoft.windows.common-controls_6595b64144ccf1df_6.0.22621.3672_none_2713b9d173822955\COMCTL32.dll
0x00007ffb8fd30000 - 0x00007ffb8fd59000 	C:\Windows\System32\GDI32.dll
0x00007ffb8fa00000 - 0x00007ffb8faa7000 	C:\Windows\System32\msvcrt.dll
0x00007ffb8f570000 - 0x00007ffb8f688000 	C:\Windows\System32\gdi32full.dll
0x00007ffb8efd0000 - 0x00007ffb8f06a000 	C:\Windows\System32\msvcp_win.dll
0x00007ffb91150000 - 0x00007ffb91181000 	C:\Windows\System32\IMM32.DLL
0x00007ffb88890000 - 0x00007ffb8889c000 	C:\Users\lucyc\.jdks\openjdk-22.0.2\bin\vcruntime140_1.dll
0x00007ffb88800000 - 0x00007ffb8888e000 	C:\Users\lucyc\.jdks\openjdk-22.0.2\bin\msvcp140.dll
0x00007ffabf3c0000 - 0x00007ffac0109000 	C:\Users\lucyc\.jdks\openjdk-22.0.2\bin\server\jvm.dll
0x00007ffb8f6a0000 - 0x00007ffb8f752000 	C:\Windows\System32\ADVAPI32.dll
0x00007ffb910a0000 - 0x00007ffb91148000 	C:\Windows\System32\sechost.dll
0x00007ffb8ef00000 - 0x00007ffb8ef28000 	C:\Windows\System32\bcrypt.dll
0x00007ffb91190000 - 0x00007ffb912a4000 	C:\Windows\System32\RPCRT4.dll
0x00007ffb90fa0000 - 0x00007ffb91011000 	C:\Windows\System32\WS2_32.dll
0x00007ffb8dae0000 - 0x00007ffb8db2d000 	C:\Windows\SYSTEM32\POWRPROF.dll
0x00007ffb87910000 - 0x00007ffb87944000 	C:\Windows\SYSTEM32\WINMM.dll
0x00007ffb85f60000 - 0x00007ffb85f6a000 	C:\Windows\SYSTEM32\VERSION.dll
0x00007ffb8dac0000 - 0x00007ffb8dad3000 	C:\Windows\SYSTEM32\UMPDC.dll
0x00007ffb8dd70000 - 0x00007ffb8dd88000 	C:\Windows\SYSTEM32\kernel.appcore.dll
0x00007ffb887f0000 - 0x00007ffb887fa000 	C:\Users\lucyc\.jdks\openjdk-22.0.2\bin\jimage.dll
0x00007ffb8bc70000 - 0x00007ffb8bea2000 	C:\Windows\SYSTEM32\DBGHELP.DLL
0x00007ffb90c10000 - 0x00007ffb90f9e000 	C:\Windows\System32\combase.dll
0x00007ffb8fd60000 - 0x00007ffb8fe37000 	C:\Windows\System32\OLEAUT32.dll
0x00007ffb82c20000 - 0x00007ffb82c52000 	C:\Windows\SYSTEM32\dbgcore.DLL
0x00007ffb8f130000 - 0x00007ffb8f1ab000 	C:\Windows\System32\bcryptPrimitives.dll
0x00007ffb752b0000 - 0x00007ffb752ec000 	C:\Users\lucyc\.jdks\openjdk-22.0.2\bin\jdwp.dll
0x00007ffb87a10000 - 0x00007ffb87a1f000 	C:\Users\lucyc\.jdks\openjdk-22.0.2\bin\instrument.dll
0x00007ffb887d0000 - 0x00007ffb887ee000 	C:\Users\lucyc\.jdks\openjdk-22.0.2\bin\java.dll
0x00007ffb903a0000 - 0x00007ffb90c09000 	C:\Windows\System32\SHELL32.dll
0x00007ffb91640000 - 0x00007ffb917e5000 	C:\Windows\System32\ole32.dll
0x00007ffb87a30000 - 0x00007ffb87a47000 	C:\Users\lucyc\.jdks\openjdk-22.0.2\bin\zip.dll
0x00007ffb8cba0000 - 0x00007ffb8d49f000 	C:\Windows\SYSTEM32\windows.storage.dll
0x00007ffb8ca60000 - 0x00007ffb8cb9f000 	C:\Windows\SYSTEM32\wintypes.dll
0x00007ffb917f0000 - 0x00007ffb918e9000 	C:\Windows\System32\SHCORE.dll
0x00007ffb8fab0000 - 0x00007ffb8fb0e000 	C:\Windows\System32\shlwapi.dll
0x00007ffb8eba0000 - 0x00007ffb8ebc7000 	C:\Windows\SYSTEM32\profapi.dll
0x00007ffb75190000 - 0x00007ffb75267000 	C:\Users\lucyc\.jdks\openjdk-22.0.2\bin\jsvml.dll
0x00007ffb781f0000 - 0x00007ffb781fc000 	C:\Users\lucyc\.jdks\openjdk-22.0.2\bin\dt_socket.dll
0x00007ffb8d770000 - 0x00007ffb8d79d000 	C:\Windows\SYSTEM32\IPHLPAPI.DLL
0x00007ffb8e1d0000 - 0x00007ffb8e239000 	C:\Windows\system32\mswsock.dll
0x00007ffb887c0000 - 0x00007ffb887d0000 	C:\Users\lucyc\.jdks\openjdk-22.0.2\bin\net.dll
0x00007ffb87ce0000 - 0x00007ffb87cf6000 	C:\Users\lucyc\.jdks\openjdk-22.0.2\bin\nio.dll
0x00007ffb71a40000 - 0x00007ffb71ab5000 	C:\Users\lucyc\AppData\Local\Temp\lwjgllucyc\3.3.1-build-7\lwjgl.dll
0x00007ffb71110000 - 0x00007ffb71171000 	C:\Users\lucyc\AppData\Local\Temp\lwjgllucyc\3.3.1-build-7\glfw.dll

dbghelp: loaded successfully - version: 4.0.5 - missing functions: none
symbol engine: initialized successfully - sym options: 0x614 - pdb path: .;C:\Users\lucyc\.jdks\openjdk-22.0.2\bin;C:\Windows\SYSTEM32;C:\Windows\WinSxS\amd64_microsoft.windows.common-controls_6595b64144ccf1df_6.0.22621.3672_none_2713b9d173822955;C:\Users\lucyc\.jdks\openjdk-22.0.2\bin\server;C:\Users\lucyc\AppData\Local\Temp\lwjgllucyc\3.3.1-build-7

VM Arguments:
jvm_args: -agentlib:jdwp=transport=dt_socket,address=127.0.0.1:56086,suspend=y,server=n -javaagent:C:\Users\lucyc\AppData\Local\JetBrains\IdeaIC2024.1\captureAgent\debugger-agent.jar -Dfile.encoding=UTF-8 -Dsun.stdout.encoding=UTF-8 -Dsun.stderr.encoding=UTF-8 
java_command: ShadowTaxi
java_class_path (initial): C:\Users\lucyc\Desktop\zddua-project-2\target\classes;C:\Users\lucyc\.m2\repository\org\lwjgl\lwjgl\3.3.1\lwjgl-3.3.1.jar;C:\Users\lucyc\.m2\repository\org\lwjgl\lwjgl-assimp\3.3.1\lwjgl-assimp-3.3.1.jar;C:\Users\lucyc\.m2\repository\org\lwjgl\lwjgl-glfw\3.3.1\lwjgl-glfw-3.3.1.jar;C:\Users\lucyc\.m2\repository\org\lwjgl\lwjgl-openal\3.3.1\lwjgl-openal-3.3.1.jar;C:\Users\lucyc\.m2\repository\org\lwjgl\lwjgl-opengl\3.3.1\lwjgl-opengl-3.3.1.jar;C:\Users\lucyc\.m2\repository\org\lwjgl\lwjgl-stb\3.3.1\lwjgl-stb-3.3.1.jar;C:\Users\lucyc\.m2\repository\org\lwjgl\lwjgl\3.3.1\lwjgl-3.3.1-natives-windows.jar;C:\Users\lucyc\.m2\repository\org\lwjgl\lwjgl-assimp\3.3.1\lwjgl-assimp-3.3.1-natives-windows.jar;C:\Users\lucyc\.m2\repository\org\lwjgl\lwjgl-glfw\3.3.1\lwjgl-glfw-3.3.1-natives-windows.jar;C:\Users\lucyc\.m2\repository\org\lwjgl\lwjgl-openal\3.3.1\lwjgl-openal-3.3.1-natives-windows.jar;C:\Users\lucyc\.m2\repository\org\lwjgl\lwjgl-opengl\3.3.1\lwjgl-opengl-3.3.1-natives-windows.jar;C:\Users\lucyc\.m2\repository\org\lwjgl\lwjgl-stb\3.3.1\lwjgl-stb-3.3.1-natives-windows.jar;C:\Users\lucyc\.m2\repository\io\github\eleanor-em\bagel\1.9.3\bagel-1.9.3.jar;C:\Program Files\JetBrains\IntelliJ IDEA Community Edition 2024.1.4\lib\idea_rt.jar
Launcher Type: SUN_STANDARD

[Global flags]
     intx CICompilerCount                          = 12                                        {product} {ergonomic}
     uint ConcGCThreads                            = 4                                         {product} {ergonomic}
     uint G1ConcRefinementThreads                  = 15                                        {product} {ergonomic}
   size_t G1HeapRegionSize                         = 4194304                                   {product} {ergonomic}
   size_t InitialHeapSize                          = 536870912                                 {product} {ergonomic}
   size_t MarkStackSize                            = 4194304                                   {product} {ergonomic}
   size_t MaxHeapSize                              = 8531214336                                {product} {ergonomic}
   size_t MaxNewSize                               = 5117050880                                {product} {ergonomic}
   size_t MinHeapDeltaBytes                        = 4194304                                   {product} {ergonomic}
   size_t MinHeapSize                              = 8388608                                   {product} {ergonomic}
    uintx NonNMethodCodeHeapSize                   = 7602480                                {pd product} {ergonomic}
    uintx NonProfiledCodeHeapSize                  = 122027880                              {pd product} {ergonomic}
    uintx ProfiledCodeHeapSize                     = 122027880                              {pd product} {ergonomic}
    uintx ReservedCodeCacheSize                    = 251658240                              {pd product} {ergonomic}
     bool SegmentedCodeCache                       = true                                      {product} {ergonomic}
   size_t SoftMaxHeapSize                          = 8531214336                             {manageable} {ergonomic}
     bool UseCompressedOops                        = true                           {product lp64_product} {ergonomic}
     bool UseG1GC                                  = true                                      {product} {ergonomic}
     bool UseLargePagesIndividualAllocation        = false                                  {pd product} {ergonomic}

Logging:
Log output configuration:
 #0: stdout all=warning uptime,level,tags foldmultilines=false
 #1: stderr all=off uptime,level,tags foldmultilines=false

Environment Variables:
PATH=C:\Program Files\NVIDIA GPU Computing Toolkit\CUDA\v12.1\bin;C:\Program Files\NVIDIA GPU Computing Toolkit\CUDA\v12.1\libnvvp;C:\Program Files (x86)\Common Files\Intel\Shared Libraries\redist\intel64\compiler;C:\Program Files\NVIDIA GPU Computing Toolkit\CUDA\v11.2\bin;C:\Program Files\NVIDIA GPU Computing Toolkit\CUDA\v11.2\libnvvp;C:\Windows\system32;C:\Windows;C:\Windows\System32\Wbem;C:\Windows\System32\WindowsPowerShell\v1.0\;C:\Windows\System32\OpenSSH\;C:\Program Files\NVIDIA Corporation\NVIDIA NvDLISR;C:\Program Files (x86)\NVIDIA Corporation\PhysX\Common;C:\Program Files\dotnet\;C:\Program Files\Docker\Docker\resources\bin;C:\Program Files\Certbot\bin;C:\Program Files\NVIDIA Corporation\Nsight Compute 2023.1.0\;C:\Program Files\MATLAB\R2023b\bin;C:\Program Files (x86)\NetSarang\Xshell 7\;C:\Program Files (x86)\NetSarang\Xftp 7\;C:\Program Files (x86)\NetSarang\Xmanager 7\;C:\Program Files\nodejs\;C:\Program Files\Kubernetes\Minikube;C:\Program Files\Git\cmd;C:\Users\lucyc\.cargo\bin;C:\Users\lucyc\AppData\Local\Programs\Python\Python311\Scripts\;C:\Users\lucyc\AppData\Local\Programs\Python\Python311\;C:\Users\lucyc\anaconda3;C:\Users\lucyc\anaconda3\Library\mingw-w64\bin;C:\Users\lucyc\anaconda3\Library\usr\bin;C:\Users\lucyc\anaconda3\Library\bin;C:\Users\lucyc\anaconda3\Scripts;C:\Users\lucyc\AppData\Local\Microsoft\WindowsApps;C:\Users\lucyc\AppData\Local\GitHubDesktop\bin;C:\Users\lucyc\AppData\Local\Programs\Microsoft VS Code\bin;C:\Users\lucyc\.dotnet\tools;C:\cudnn-cuda11\bin;C:\Wind\Wind.NET.Client\WindNET\bin;C:\Wind\Wind.NET.Client\WindNET\x64;C:\Script\ffmpeg-6.0-full_build\bin;C:\Script\mingw64\bin;C:\Script\w64devkit\bin;C:\Users\lucyc\AppData\Roaming\npm;C:\Program Files\JetBrains\IntelliJ IDEA Community Edition 2024.1.4\bin;;C:\Script\k8s;C:\Script\sqlite;
USERNAME=lucyc
OS=Windows_NT
PROCESSOR_IDENTIFIER=Intel64 Family 6 Model 183 Stepping 1, GenuineIntel
TMP=C:\Users\lucyc\AppData\Local\Temp
TEMP=C:\Users\lucyc\AppData\Local\Temp




Periodic native trim disabled

---------------  S Y S T E M  ---------------

OS:
 Windows 11 , 64 bit Build 22621 (10.0.22621.3958)
OS uptime: 0 days 1:32 hours
Hyper-V role detected

CPU: total 20 (initial active 20) (10 cores per cpu, 2 threads per core) family 6 model 183 stepping 1 microcode 0x10f, cx8, cmov, fxsr, ht, mmx, 3dnowpref, sse, sse2, sse3, ssse3, sse4.1, sse4.2, popcnt, lzcnt, tsc, tscinvbit, avx, avx2, aes, erms, clmul, bmi1, bmi2, adx, sha, fma, vzeroupper, clflush, clflushopt, clwb, hv, serialize, rdtscp, rdpid, fsrm, f16c, cet_ibt, cet_ss
Processor Information for all 20 processors :
  Max Mhz: 3500, Current Mhz: 3500, Mhz Limit: 3500

Memory: 4k page, system-wide physical 32538M (17148M free)
TotalPageFile size 35354M (AvailPageFile size 14668M)
current process WorkingSet (physical memory assigned to process): 51M, peak: 51M
current process commit charge ("private bytes"): 622M, peak: 622M

vm_info: OpenJDK 64-Bit Server VM (22.0.2+9-70) for windows-amd64 JRE (22.0.2+9-70), built on 2024-06-04T16:52:23Z by "mach5one" with MS VC++ 17.6 (VS2022)

END.
